<?xml version="1.0" encoding="UTF-8"?>
<Site BuildName="Win32-mingw32-make"
	BuildStamp="20240228-1131-Experimental"
	Name="DESKTOP-RHRTHPJ"
	Generator="ctest-3.28.2"
	CompilerName="C:/Program Files/mingw64/bin/g++.exe"
	CompilerVersion=""
	OSName="Windows"
	Hostname="DESKTOP-RHRTHPJ"
	OSRelease=" Personal"
	OSVersion=" (Build 9200)"
	OSPlatform="AMD64"
	Is64Bits="1"
	VendorString=""
	VendorID="Unknown Manufacturer"
	FamilyID="0"
	ModelID="0"
	ProcessorCacheSize="0"
	NumberOfLogicalCPU="4"
	NumberOfPhysicalCPU="4"
	TotalVirtualMemory="18778"
	TotalPhysicalMemory="16346"
	LogicalProcessorsPerPhysical="1"
	ProcessorClockFrequency="3408"
	>
	<Testing>
		<StartDateTime>Feb 28 20:32 [NON-UTF-8-BYTE-0xB4][NON-UTF-8-BYTE-0xEB][NON-UTF-8-BYTE-0xC7]ѹα[NON-UTF-8-BYTE-0xB9] ǥ[NON-UTF-8-BYTE-0xC1]ؽ[NON-UTF-8-BYTE-0xC3]</StartDateTime>
		<StartTestTime>1709119967</StartTestTime>
		<TestList/>
		<EndDateTime>Feb 28 20:32 [NON-UTF-8-BYTE-0xB4][NON-UTF-8-BYTE-0xEB][NON-UTF-8-BYTE-0xC7]ѹα[NON-UTF-8-BYTE-0xB9] ǥ[NON-UTF-8-BYTE-0xC1]ؽ[NON-UTF-8-BYTE-0xC3]</EndDateTime>
		<EndTestTime>1709119967</EndTestTime>
		<ElapsedMinutes>0</ElapsedMinutes>
	</Testing>
</Site>
